<?xml version="1.0" encoding="UTF-8"?>
<!-- Generated by org.testng.reporters.JUnitXMLReporter -->
<testsuite hostname="DESKTOP-118273O" ignored="0" name="Regression test" tests="7" failures="0" timestamp="27 Sep 2020 20:15:40 GMT" time="170.746" errors="0">
  <testcase name="negativeLoginTest" time="5.953" classname="com.qa.hubspot.test.LoginPageTest"/>
  <testcase name="negativeLoginTest" time="5.904" classname="com.qa.hubspot.test.LoginPageTest"/>
  <testcase name="negativeLoginTest" time="5.916" classname="com.qa.hubspot.test.LoginPageTest"/>
  <testcase name="verifyTitleTest" time="6.009" classname="com.qa.hubspot.test.LoginPageTest"/>
  <testcase name="verifySignupTest" time="5.172" classname="com.qa.hubspot.test.LoginPageTest"/>
  <testcase name="verifyForgotPasswordTest" time="4.944" classname="com.qa.hubspot.test.LoginPageTest"/>
  <testcase name="verifyLoginTest" time="6.064" classname="com.qa.hubspot.test.LoginPageTest"/>
</testsuite> <!-- Regression test -->
