<?xml version="1.0" encoding="UTF-8"?>
<!-- Generated by org.testng.reporters.JUnitXMLReporter -->
<testsuite hostname="DESKTOP-118273O" ignored="1" name="Default test" tests="4" failures="0" timestamp="2020-09-28T12:44:16 IST" time="63.74" errors="0">
  <testcase name="verifyTitleTest" time="7.574" classname="com.qa.hubspot.test.LoginPageTest"/>
  <testcase name="verifySignupTest" time="6.986" classname="com.qa.hubspot.test.LoginPageTest"/>
  <testcase name="verifyForgotPasswordTest" time="6.926" classname="com.qa.hubspot.test.LoginPageTest"/>
  <testcase name="verifyLoginTest" time="7.511" classname="com.qa.hubspot.test.LoginPageTest"/>
  <testcase name="negativeLoginTest" time="0.0" classname="com.qa.hubspot.test.LoginPageTest">
    <ignored/>
  </testcase> <!-- negativeLoginTest -->
</testsuite> <!-- Default test -->
